  Lambda_recursion_2.cpp
C:\Program Files\Microsoft Visual Studio\2022\Enterprise\VC\Tools\MSVC\14.38.33130\include\variant(12): warning STL4038: The contents of <variant> are available only with C++17 or later.
D:\UserData\z004e8pt\OneDrive - Siemens AG\workspace\C++Advance\Day_3\Lambda_recursion_2\Lambda_recursion_2.cpp(20,15): error C2187: syntax error: 'std' was unexpected here
D:\UserData\z004e8pt\OneDrive - Siemens AG\workspace\C++Advance\Day_3\Lambda_recursion_2\Lambda_recursion_2.cpp(20,27): error C2059: syntax error: '<'
D:\UserData\z004e8pt\OneDrive - Siemens AG\workspace\C++Advance\Day_3\Lambda_recursion_2\Lambda_recursion_2.cpp(39,27): error C2039: 'string_view': is not a member of 'std'
  C:\Program Files\Microsoft Visual Studio\2022\Enterprise\VC\Tools\MSVC\14.38.33130\include\iostream(18,1):
  see declaration of 'std'
  
D:\UserData\z004e8pt\OneDrive - Siemens AG\workspace\C++Advance\Day_3\Lambda_recursion_2\Lambda_recursion_2.cpp(39,27): error C2061: syntax error: identifier 'string_view'
D:\UserData\z004e8pt\OneDrive - Siemens AG\workspace\C++Advance\Day_3\Lambda_recursion_2\Lambda_recursion_2.cpp(40,17): error C2065: 'str': undeclared identifier
D:\UserData\z004e8pt\OneDrive - Siemens AG\workspace\C++Advance\Day_3\Lambda_recursion_2\Lambda_recursion_2.cpp(55,18): error C2065: 'var_t': undeclared identifier
D:\UserData\z004e8pt\OneDrive - Siemens AG\workspace\C++Advance\Day_3\Lambda_recursion_2\Lambda_recursion_2.cpp(55,10): error C2923: 'std::vector': 'var_t' is not a valid template type argument for parameter '_Ty'
  D:\UserData\z004e8pt\OneDrive - Siemens AG\workspace\C++Advance\Day_3\Lambda_recursion_2\Lambda_recursion_2.cpp(55,18):
  see declaration of 'var_t'
  
D:\UserData\z004e8pt\OneDrive - Siemens AG\workspace\C++Advance\Day_3\Lambda_recursion_2\Lambda_recursion_2.cpp(55,10): error C2976: 'std::vector': too few template arguments
  C:\Program Files\Microsoft Visual Studio\2022\Enterprise\VC\Tools\MSVC\14.38.33130\include\vector(436,1):
  see declaration of 'std::vector'
  
D:\UserData\z004e8pt\OneDrive - Siemens AG\workspace\C++Advance\Day_3\Lambda_recursion_2\Lambda_recursion_2.cpp(55,33): error C2514: 'std::vector': class template cannot be constructed
  C:\Program Files\Microsoft Visual Studio\2022\Enterprise\VC\Tools\MSVC\14.38.33130\include\vector(436,1):
  see declaration of 'std::vector'
  
D:\UserData\z004e8pt\OneDrive - Siemens AG\workspace\C++Advance\Day_3\Lambda_recursion_2\Lambda_recursion_2.cpp(59,20): error C2663: 'std::vector<_Ty,_Alloc>::_Unchecked_begin': no overloaded function has valid conversion for 'this' pointer
  C:\Program Files\Microsoft Visual Studio\2022\Enterprise\VC\Tools\MSVC\14.38.33130\include\vector(1858,43):
  could be 'allocator_traits<allocator_traits<_Alloc>::rebind_alloc<_Ty>>::const_pointer std::vector<_Ty,_Alloc>::_Unchecked_begin(void) noexcept const'
  	D:\UserData\z004e8pt\OneDrive - Siemens AG\workspace\C++Advance\Day_3\Lambda_recursion_2\Lambda_recursion_2.cpp(59,20):
  	'allocator_traits<allocator_traits<_Alloc>::rebind_alloc<_Ty>>::const_pointer std::vector<_Ty,_Alloc>::_Unchecked_begin(void) noexcept const': cannot convert 'this' pointer from 'std::vector' to 'const std::vector<_Ty,_Alloc> &'
  		D:\UserData\z004e8pt\OneDrive - Siemens AG\workspace\C++Advance\Day_3\Lambda_recursion_2\Lambda_recursion_2.cpp(59,20):
  		Reason: cannot convert from 'std::vector' to 'const std::vector<_Ty,_Alloc>'
  		D:\UserData\z004e8pt\OneDrive - Siemens AG\workspace\C++Advance\Day_3\Lambda_recursion_2\Lambda_recursion_2.cpp(59,20):
  		Conversion requires a second user-defined-conversion operator or constructor
  C:\Program Files\Microsoft Visual Studio\2022\Enterprise\VC\Tools\MSVC\14.38.33130\include\vector(1854,37):
  or       'allocator_traits<allocator_traits<_Alloc>::rebind_alloc<_Ty>>::pointer std::vector<_Ty,_Alloc>::_Unchecked_begin(void) noexcept'
  	D:\UserData\z004e8pt\OneDrive - Siemens AG\workspace\C++Advance\Day_3\Lambda_recursion_2\Lambda_recursion_2.cpp(59,20):
  	'allocator_traits<allocator_traits<_Alloc>::rebind_alloc<_Ty>>::pointer std::vector<_Ty,_Alloc>::_Unchecked_begin(void) noexcept': cannot convert 'this' pointer from 'std::vector' to 'std::vector<_Ty,_Alloc> &'
  		D:\UserData\z004e8pt\OneDrive - Siemens AG\workspace\C++Advance\Day_3\Lambda_recursion_2\Lambda_recursion_2.cpp(59,20):
  		Reason: cannot convert from 'std::vector' to 'std::vector<_Ty,_Alloc>'
  		D:\UserData\z004e8pt\OneDrive - Siemens AG\workspace\C++Advance\Day_3\Lambda_recursion_2\Lambda_recursion_2.cpp(59,20):
  		Conversion requires a second user-defined-conversion operator or constructor
  D:\UserData\z004e8pt\OneDrive - Siemens AG\workspace\C++Advance\Day_3\Lambda_recursion_2\Lambda_recursion_2.cpp(59,20):
  while trying to match the argument list '()'
  
D:\UserData\z004e8pt\OneDrive - Siemens AG\workspace\C++Advance\Day_3\Lambda_recursion_2\Lambda_recursion_2.cpp(59,20): error C2663: 'std::vector<_Ty,_Alloc>::_Unchecked_end': no overloaded function has valid conversion for 'this' pointer
  C:\Program Files\Microsoft Visual Studio\2022\Enterprise\VC\Tools\MSVC\14.38.33130\include\vector(1866,43):
  could be 'allocator_traits<allocator_traits<_Alloc>::rebind_alloc<_Ty>>::const_pointer std::vector<_Ty,_Alloc>::_Unchecked_end(void) noexcept const'
  	D:\UserData\z004e8pt\OneDrive - Siemens AG\workspace\C++Advance\Day_3\Lambda_recursion_2\Lambda_recursion_2.cpp(59,20):
  	'allocator_traits<allocator_traits<_Alloc>::rebind_alloc<_Ty>>::const_pointer std::vector<_Ty,_Alloc>::_Unchecked_end(void) noexcept const': cannot convert 'this' pointer from 'std::vector' to 'const std::vector<_Ty,_Alloc> &'
  		D:\UserData\z004e8pt\OneDrive - Siemens AG\workspace\C++Advance\Day_3\Lambda_recursion_2\Lambda_recursion_2.cpp(59,20):
  		Reason: cannot convert from 'std::vector' to 'const std::vector<_Ty,_Alloc>'
  		D:\UserData\z004e8pt\OneDrive - Siemens AG\workspace\C++Advance\Day_3\Lambda_recursion_2\Lambda_recursion_2.cpp(59,20):
  		Conversion requires a second user-defined-conversion operator or constructor
  C:\Program Files\Microsoft Visual Studio\2022\Enterprise\VC\Tools\MSVC\14.38.33130\include\vector(1862,37):
  or       'allocator_traits<allocator_traits<_Alloc>::rebind_alloc<_Ty>>::pointer std::vector<_Ty,_Alloc>::_Unchecked_end(void) noexcept'
  	D:\UserData\z004e8pt\OneDrive - Siemens AG\workspace\C++Advance\Day_3\Lambda_recursion_2\Lambda_recursion_2.cpp(59,20):
  	'allocator_traits<allocator_traits<_Alloc>::rebind_alloc<_Ty>>::pointer std::vector<_Ty,_Alloc>::_Unchecked_end(void) noexcept': cannot convert 'this' pointer from 'std::vector' to 'std::vector<_Ty,_Alloc> &'
  		D:\UserData\z004e8pt\OneDrive - Siemens AG\workspace\C++Advance\Day_3\Lambda_recursion_2\Lambda_recursion_2.cpp(59,20):
  		Reason: cannot convert from 'std::vector' to 'std::vector<_Ty,_Alloc>'
  		D:\UserData\z004e8pt\OneDrive - Siemens AG\workspace\C++Advance\Day_3\Lambda_recursion_2\Lambda_recursion_2.cpp(59,20):
  		Conversion requires a second user-defined-conversion operator or constructor
  D:\UserData\z004e8pt\OneDrive - Siemens AG\workspace\C++Advance\Day_3\Lambda_recursion_2\Lambda_recursion_2.cpp(59,20):
  while trying to match the argument list '()'
  
D:\UserData\z004e8pt\OneDrive - Siemens AG\workspace\C++Advance\Day_3\Lambda_recursion_2\Lambda_recursion_2.cpp(60,14): error C2039: 'visit': is not a member of 'std'
  C:\Program Files\Microsoft Visual Studio\2022\Enterprise\VC\Tools\MSVC\14.38.33130\include\iostream(18,1):
  see declaration of 'std'
  
D:\UserData\z004e8pt\OneDrive - Siemens AG\workspace\C++Advance\Day_3\Lambda_recursion_2\Lambda_recursion_2.cpp(60,14): error C3861: 'visit': identifier not found
