  Auto_ptr.cpp
D:\UserData\z004e8pt\OneDrive - Siemens AG\workspace\C++Advance\Day_2\Auto_ptr\Auto_ptr.cpp(29,16): error C2677: binary '!=': no global operator found which takes type 'std::auto_ptr<A>' (or there is no acceptable conversion)
  C:\Program Files\Microsoft Visual Studio\2022\Enterprise\VC\Tools\MSVC\14.38.33130\include\memory(3565,17):
  could be 'bool std::operator !=(std::nullptr_t,const std::unique_ptr<_Ty,_Dx> &) noexcept'
  	D:\UserData\z004e8pt\OneDrive - Siemens AG\workspace\C++Advance\Day_2\Auto_ptr\Auto_ptr.cpp(29,8):
  	'bool std::operator !=(std::nullptr_t,const std::unique_ptr<_Ty,_Dx> &) noexcept': could not deduce template argument for 'const std::unique_ptr<_Ty,_Dx> &' from 'std::auto_ptr<A>'
  C:\Program Files\Microsoft Visual Studio\2022\Enterprise\VC\Tools\MSVC\14.38.33130\include\memory(3560,17):
  or       'bool std::operator !=(const std::unique_ptr<_Ty,_Dx> &,std::nullptr_t) noexcept'
  	D:\UserData\z004e8pt\OneDrive - Siemens AG\workspace\C++Advance\Day_2\Auto_ptr\Auto_ptr.cpp(29,8):
  	'bool std::operator !=(const std::unique_ptr<_Ty,_Dx> &,std::nullptr_t) noexcept': could not deduce template argument for 'const std::unique_ptr<_Ty,_Dx> &' from 'nullptr'
  C:\Program Files\Microsoft Visual Studio\2022\Enterprise\VC\Tools\MSVC\14.38.33130\include\memory(3507,17):
  or       'bool std::operator !=(const std::unique_ptr<_Ty,_Dx> &,const std::unique_ptr<_Ty2,_Dx2> &)'
  	D:\UserData\z004e8pt\OneDrive - Siemens AG\workspace\C++Advance\Day_2\Auto_ptr\Auto_ptr.cpp(29,8):
  	'bool std::operator !=(const std::unique_ptr<_Ty,_Dx> &,const std::unique_ptr<_Ty2,_Dx2> &)': could not deduce template argument for 'const std::unique_ptr<_Ty,_Dx> &' from 'nullptr'
  C:\Program Files\Microsoft Visual Studio\2022\Enterprise\VC\Tools\MSVC\14.38.33130\include\memory(1932,17):
  or       'bool std::operator !=(std::nullptr_t,const std::shared_ptr<_Ty> &) noexcept'
  	D:\UserData\z004e8pt\OneDrive - Siemens AG\workspace\C++Advance\Day_2\Auto_ptr\Auto_ptr.cpp(29,8):
  	'bool std::operator !=(std::nullptr_t,const std::shared_ptr<_Ty> &) noexcept': could not deduce template argument for 'const std::shared_ptr<_Ty> &' from 'std::auto_ptr<A>'
  C:\Program Files\Microsoft Visual Studio\2022\Enterprise\VC\Tools\MSVC\14.38.33130\include\memory(1927,17):
  or       'bool std::operator !=(const std::shared_ptr<_Ty> &,std::nullptr_t) noexcept'
  	D:\UserData\z004e8pt\OneDrive - Siemens AG\workspace\C++Advance\Day_2\Auto_ptr\Auto_ptr.cpp(29,8):
  	'bool std::operator !=(const std::shared_ptr<_Ty> &,std::nullptr_t) noexcept': could not deduce template argument for 'const std::shared_ptr<_Ty> &' from 'nullptr'
  C:\Program Files\Microsoft Visual Studio\2022\Enterprise\VC\Tools\MSVC\14.38.33130\include\memory(1885,17):
  or       'bool std::operator !=(const std::shared_ptr<_Ty> &,const std::shared_ptr<_Ty0> &) noexcept'
  	D:\UserData\z004e8pt\OneDrive - Siemens AG\workspace\C++Advance\Day_2\Auto_ptr\Auto_ptr.cpp(29,8):
  	'bool std::operator !=(const std::shared_ptr<_Ty> &,const std::shared_ptr<_Ty0> &) noexcept': could not deduce template argument for 'const std::shared_ptr<_Ty> &' from 'nullptr'
  C:\Program Files\Microsoft Visual Studio\2022\Enterprise\VC\Tools\MSVC\14.38.33130\include\xstring(5058,17):
  or       'bool std::operator !=(const std::basic_string<_Elem,_Traits,_Alloc> &,const _Elem *const )'
  	D:\UserData\z004e8pt\OneDrive - Siemens AG\workspace\C++Advance\Day_2\Auto_ptr\Auto_ptr.cpp(29,8):
  	'bool std::operator !=(const std::basic_string<_Elem,_Traits,_Alloc> &,const _Elem *const )': could not deduce template argument for 'const std::basic_string<_Elem,_Traits,_Alloc> &' from 'nullptr'
  C:\Program Files\Microsoft Visual Studio\2022\Enterprise\VC\Tools\MSVC\14.38.33130\include\xstring(5053,17):
  or       'bool std::operator !=(const _Elem *const ,const std::basic_string<_Elem,_Traits,_Alloc> &)'
  	D:\UserData\z004e8pt\OneDrive - Siemens AG\workspace\C++Advance\Day_2\Auto_ptr\Auto_ptr.cpp(29,8):
  	'bool std::operator !=(const _Elem *const ,const std::basic_string<_Elem,_Traits,_Alloc> &)': could not deduce template argument for 'const _Elem *const ' from 'nullptr'
  C:\Program Files\Microsoft Visual Studio\2022\Enterprise\VC\Tools\MSVC\14.38.33130\include\xstring(5047,17):
  or       'bool std::operator !=(const std::basic_string<_Elem,_Traits,_Alloc> &,const std::basic_string<_Elem,_Traits,_Alloc> &) noexcept'
  	D:\UserData\z004e8pt\OneDrive - Siemens AG\workspace\C++Advance\Day_2\Auto_ptr\Auto_ptr.cpp(29,8):
  	'bool std::operator !=(const std::basic_string<_Elem,_Traits,_Alloc> &,const std::basic_string<_Elem,_Traits,_Alloc> &) noexcept': could not deduce template argument for 'const std::basic_string<_Elem,_Traits,_Alloc> &' from 'nullptr'
  C:\Program Files\Microsoft Visual Studio\2022\Enterprise\VC\Tools\MSVC\14.38.33130\include\xmemory(1044,17):
  or       'bool std::operator !=(const std::allocator<_Ty> &,const std::allocator<_Other> &) noexcept'
  	D:\UserData\z004e8pt\OneDrive - Siemens AG\workspace\C++Advance\Day_2\Auto_ptr\Auto_ptr.cpp(29,8):
  	'bool std::operator !=(const std::allocator<_Ty> &,const std::allocator<_Other> &) noexcept': could not deduce template argument for 'const std::allocator<_Ty> &' from 'nullptr'
  C:\Program Files\Microsoft Visual Studio\2022\Enterprise\VC\Tools\MSVC\14.38.33130\include\iterator(495,17):
  or       'bool std::operator !=(const std::istreambuf_iterator<_Elem,_Traits> &,const std::istreambuf_iterator<_Elem,_Traits> &)'
  	D:\UserData\z004e8pt\OneDrive - Siemens AG\workspace\C++Advance\Day_2\Auto_ptr\Auto_ptr.cpp(29,8):
  	'bool std::operator !=(const std::istreambuf_iterator<_Elem,_Traits> &,const std::istreambuf_iterator<_Elem,_Traits> &)': could not deduce template argument for 'const std::istreambuf_iterator<_Elem,_Traits> &' from 'nullptr'
  C:\Program Files\Microsoft Visual Studio\2022\Enterprise\VC\Tools\MSVC\14.38.33130\include\iterator(313,17):
  or       'bool std::operator !=(const std::istream_iterator<_Ty,_Elem,_Traits,_Diff> &,const std::istream_iterator<_Ty,_Elem,_Traits,_Diff> &) noexcept'
  	D:\UserData\z004e8pt\OneDrive - Siemens AG\workspace\C++Advance\Day_2\Auto_ptr\Auto_ptr.cpp(29,8):
  	'bool std::operator !=(const std::istream_iterator<_Ty,_Elem,_Traits,_Diff> &,const std::istream_iterator<_Ty,_Elem,_Traits,_Diff> &) noexcept': could not deduce template argument for 'const std::istream_iterator<_Ty,_Elem,_Traits,_Diff> &' from 'nullptr'
  C:\Program Files\Microsoft Visual Studio\2022\Enterprise\VC\Tools\MSVC\14.38.33130\include\xutility(4266,30):
  or       'bool std::operator !=(const std::move_iterator<_Iter> &,const std::move_iterator<_Iter2> &) noexcept(<expr>)'
  	D:\UserData\z004e8pt\OneDrive - Siemens AG\workspace\C++Advance\Day_2\Auto_ptr\Auto_ptr.cpp(29,8):
  	'bool std::operator !=(const std::move_iterator<_Iter> &,const std::move_iterator<_Iter2> &) noexcept(<expr>)': could not deduce template argument for 'const std::move_iterator<_Iter> &' from 'nullptr'
  C:\Program Files\Microsoft Visual Studio\2022\Enterprise\VC\Tools\MSVC\14.38.33130\include\xutility(1691,5):
  or       'bool std::operator !=(const std::reverse_iterator<_BidIt> &,const std::reverse_iterator<_BidIt2> &) noexcept(<expr>)'
  	D:\UserData\z004e8pt\OneDrive - Siemens AG\workspace\C++Advance\Day_2\Auto_ptr\Auto_ptr.cpp(29,8):
  	'bool std::operator !=(const std::reverse_iterator<_BidIt> &,const std::reverse_iterator<_BidIt2> &) noexcept(<expr>)': could not deduce template argument for 'const std::reverse_iterator<_BidIt> &' from 'nullptr'
  C:\Program Files\Microsoft Visual Studio\2022\Enterprise\VC\Tools\MSVC\14.38.33130\include\utility(507,27):
  or       'bool std::operator !=(const std::pair<_Ty1,_Ty2> &,const std::pair<_Uty1,_Uty2> &)'
  	D:\UserData\z004e8pt\OneDrive - Siemens AG\workspace\C++Advance\Day_2\Auto_ptr\Auto_ptr.cpp(29,8):
  	'bool std::operator !=(const std::pair<_Ty1,_Ty2> &,const std::pair<_Uty1,_Uty2> &)': could not deduce template argument for 'const std::pair<_Ty1,_Ty2> &' from 'nullptr'
  
